17:07:19:492 [ALWAYS]	GUDE Logging Started
17:07:19:493 [INFO]	SqliteResumeCache::SqliteResumeCache basedirectory is null/empty
17:07:19:493 [ERROR]	SqliteResumeCache::CreateSqliteResumeCache creating resume cache pointer failure
17:07:19:493 [ERROR]	Initialize resume cache pointer failure
17:07:19:493 [INFO]	gude policy POLICY_USER limit (2,2,1) chunk 2097152, chunking (UL 0 DL 1), resXfer 1, adapt 0, NSURL 0, timeout 86400 
17:07:19:493 [INFO]	Initialized -- gude-lib version: v0.12.1 app: gude
17:07:21:825 [WARN]	Ignoring attempt to reinit logging to \gude at level 4 retaining 3 days of logs
17:07:21:825 [INFO]	SqliteResumeCache::SqliteResumeCache basedirectory is null/empty
17:07:21:825 [ERROR]	SqliteResumeCache::CreateSqliteResumeCache creating resume cache pointer failure
17:07:21:825 [ERROR]	Initialize resume cache pointer failure
17:07:21:825 [INFO]	gude policy POLICY_USER limit (4,4,1) chunk 2097152, chunking (UL 0 DL 1), resXfer 1, adapt 0, NSURL 1, timeout 86400 
17:07:21:825 [INFO]	Initialized -- gude-lib version: v0.12.1 app: gude
18:29:45:582 [ALWAYS]	GUDE Logging Started
18:29:45:583 [INFO]	SqliteResumeCache::SqliteResumeCache basedirectory is null/empty
18:29:45:583 [ERROR]	SqliteResumeCache::CreateSqliteResumeCache creating resume cache pointer failure
18:29:45:583 [ERROR]	Initialize resume cache pointer failure
18:29:45:583 [INFO]	gude policy POLICY_USER limit (2,2,1) chunk 2097152, chunking (UL 0 DL 1), resXfer 1, adapt 0, NSURL 0, timeout 86400 
18:29:45:583 [INFO]	Initialized -- gude-lib version: v0.12.1 app: gude
18:29:47:485 [WARN]	Ignoring attempt to reinit logging to \gude at level 4 retaining 3 days of logs
18:29:47:485 [INFO]	SqliteResumeCache::SqliteResumeCache basedirectory is null/empty
18:29:47:485 [ERROR]	SqliteResumeCache::CreateSqliteResumeCache creating resume cache pointer failure
18:29:47:485 [ERROR]	Initialize resume cache pointer failure
18:29:47:485 [INFO]	gude policy POLICY_USER limit (4,4,1) chunk 2097152, chunking (UL 0 DL 1), resXfer 1, adapt 0, NSURL 1, timeout 86400 
18:29:47:485 [INFO]	Initialized -- gude-lib version: v0.12.1 app: gude
18:37:59:108 [ALWAYS]	GUDE Logging Started
18:37:59:108 [INFO]	SqliteResumeCache::SqliteResumeCache basedirectory is null/empty
18:37:59:108 [ERROR]	SqliteResumeCache::CreateSqliteResumeCache creating resume cache pointer failure
18:37:59:108 [ERROR]	Initialize resume cache pointer failure
18:37:59:108 [INFO]	gude policy POLICY_USER limit (2,2,1) chunk 2097152, chunking (UL 0 DL 1), resXfer 1, adapt 0, NSURL 0, timeout 86400 
18:37:59:108 [INFO]	Initialized -- gude-lib version: v0.12.1 app: gude
18:38:01:025 [WARN]	Ignoring attempt to reinit logging to \gude at level 4 retaining 3 days of logs
18:38:01:025 [INFO]	SqliteResumeCache::SqliteResumeCache basedirectory is null/empty
18:38:01:025 [ERROR]	SqliteResumeCache::CreateSqliteResumeCache creating resume cache pointer failure
18:38:01:025 [ERROR]	Initialize resume cache pointer failure
18:38:01:025 [INFO]	gude policy POLICY_USER limit (4,4,1) chunk 2097152, chunking (UL 0 DL 1), resXfer 1, adapt 0, NSURL 1, timeout 86400 
18:38:01:025 [INFO]	Initialized -- gude-lib version: v0.12.1 app: gude
19:19:45:016 [ALWAYS]	GUDE Logging Started
19:19:45:016 [INFO]	SqliteResumeCache::SqliteResumeCache basedirectory is null/empty
19:19:45:016 [ERROR]	SqliteResumeCache::CreateSqliteResumeCache creating resume cache pointer failure
19:19:45:016 [ERROR]	Initialize resume cache pointer failure
19:19:45:016 [INFO]	gude policy POLICY_USER limit (2,2,1) chunk 2097152, chunking (UL 0 DL 1), resXfer 1, adapt 0, NSURL 0, timeout 86400 
19:19:45:016 [INFO]	Initialized -- gude-lib version: v0.12.1 app: gude
19:19:46:710 [WARN]	Ignoring attempt to reinit logging to \gude at level 4 retaining 3 days of logs
19:19:46:710 [INFO]	SqliteResumeCache::SqliteResumeCache basedirectory is null/empty
19:19:46:710 [ERROR]	SqliteResumeCache::CreateSqliteResumeCache creating resume cache pointer failure
19:19:46:710 [ERROR]	Initialize resume cache pointer failure
19:19:46:710 [INFO]	gude policy POLICY_USER limit (4,4,1) chunk 2097152, chunking (UL 0 DL 1), resXfer 1, adapt 0, NSURL 1, timeout 86400 
19:19:46:710 [INFO]	Initialized -- gude-lib version: v0.12.1 app: gude
19:22:20:552 [ALWAYS]	GUDE Logging Started
19:22:20:553 [INFO]	SqliteResumeCache::SqliteResumeCache basedirectory is null/empty
19:22:20:553 [ERROR]	SqliteResumeCache::CreateSqliteResumeCache creating resume cache pointer failure
19:22:20:553 [ERROR]	Initialize resume cache pointer failure
19:22:20:553 [INFO]	gude policy POLICY_USER limit (2,2,1) chunk 2097152, chunking (UL 0 DL 1), resXfer 1, adapt 0, NSURL 0, timeout 86400 
19:22:20:553 [INFO]	Initialized -- gude-lib version: v0.12.1 app: gude
19:22:22:248 [WARN]	Ignoring attempt to reinit logging to \gude at level 4 retaining 3 days of logs
19:22:22:248 [INFO]	SqliteResumeCache::SqliteResumeCache basedirectory is null/empty
19:22:22:248 [ERROR]	SqliteResumeCache::CreateSqliteResumeCache creating resume cache pointer failure
19:22:22:248 [ERROR]	Initialize resume cache pointer failure
19:22:22:248 [INFO]	gude policy POLICY_USER limit (4,4,1) chunk 2097152, chunking (UL 0 DL 1), resXfer 1, adapt 0, NSURL 1, timeout 86400 
19:22:22:248 [INFO]	Initialized -- gude-lib version: v0.12.1 app: gude
19:40:42:954 [ALWAYS]	GUDE Logging Started
19:40:42:954 [INFO]	SqliteResumeCache::SqliteResumeCache basedirectory is null/empty
19:40:42:954 [ERROR]	SqliteResumeCache::CreateSqliteResumeCache creating resume cache pointer failure
19:40:42:954 [ERROR]	Initialize resume cache pointer failure
19:40:42:954 [INFO]	gude policy POLICY_USER limit (2,2,1) chunk 2097152, chunking (UL 0 DL 1), resXfer 1, adapt 0, NSURL 0, timeout 86400 
19:40:42:954 [INFO]	Initialized -- gude-lib version: v0.12.1 app: gude
19:40:46:021 [WARN]	Ignoring attempt to reinit logging to \gude at level 4 retaining 3 days of logs
19:40:46:021 [INFO]	SqliteResumeCache::SqliteResumeCache basedirectory is null/empty
19:40:46:021 [ERROR]	SqliteResumeCache::CreateSqliteResumeCache creating resume cache pointer failure
19:40:46:021 [ERROR]	Initialize resume cache pointer failure
19:40:46:021 [INFO]	gude policy POLICY_USER limit (4,4,1) chunk 2097152, chunking (UL 0 DL 1), resXfer 1, adapt 0, NSURL 1, timeout 86400 
19:40:46:021 [INFO]	Initialized -- gude-lib version: v0.12.1 app: gude
19:47:58:740 [ALWAYS]	GUDE Logging Started
19:47:58:741 [INFO]	SqliteResumeCache::SqliteResumeCache basedirectory is null/empty
19:47:58:741 [ERROR]	SqliteResumeCache::CreateSqliteResumeCache creating resume cache pointer failure
19:47:58:741 [ERROR]	Initialize resume cache pointer failure
19:47:58:741 [INFO]	gude policy POLICY_USER limit (2,2,1) chunk 2097152, chunking (UL 0 DL 1), resXfer 1, adapt 0, NSURL 0, timeout 86400 
19:47:58:741 [INFO]	Initialized -- gude-lib version: v0.12.1 app: gude
19:48:01:642 [WARN]	Ignoring attempt to reinit logging to \gude at level 4 retaining 3 days of logs
19:48:01:642 [INFO]	SqliteResumeCache::SqliteResumeCache basedirectory is null/empty
19:48:01:642 [ERROR]	SqliteResumeCache::CreateSqliteResumeCache creating resume cache pointer failure
19:48:01:642 [ERROR]	Initialize resume cache pointer failure
19:48:01:642 [INFO]	gude policy POLICY_USER limit (4,4,1) chunk 2097152, chunking (UL 0 DL 1), resXfer 1, adapt 0, NSURL 1, timeout 86400 
19:48:01:642 [INFO]	Initialized -- gude-lib version: v0.12.1 app: gude
22:56:49:313 [ALWAYS]	GUDE Logging Started
22:56:49:313 [INFO]	SqliteResumeCache::SqliteResumeCache basedirectory is null/empty
22:56:49:314 [ERROR]	SqliteResumeCache::CreateSqliteResumeCache creating resume cache pointer failure
22:56:49:314 [ERROR]	Initialize resume cache pointer failure
22:56:49:314 [INFO]	gude policy POLICY_USER limit (2,2,1) chunk 2097152, chunking (UL 0 DL 1), resXfer 1, adapt 0, NSURL 0, timeout 86400 
22:56:49:314 [INFO]	Initialized -- gude-lib version: v0.12.1 app: gude
22:56:51:251 [WARN]	Ignoring attempt to reinit logging to \gude at level 4 retaining 3 days of logs
22:56:51:251 [INFO]	SqliteResumeCache::SqliteResumeCache basedirectory is null/empty
22:56:51:251 [ERROR]	SqliteResumeCache::CreateSqliteResumeCache creating resume cache pointer failure
22:56:51:251 [ERROR]	Initialize resume cache pointer failure
22:56:51:251 [INFO]	gude policy POLICY_USER limit (4,4,1) chunk 2097152, chunking (UL 0 DL 1), resXfer 1, adapt 0, NSURL 1, timeout 86400 
22:56:51:251 [INFO]	Initialized -- gude-lib version: v0.12.1 app: gude
