20:41:21:423 [ALWAYS]	GUDE Logging Started
20:41:21:424 [INFO]	SqliteResumeCache::SqliteResumeCache basedirectory is null/empty
20:41:21:424 [ERROR]	SqliteResumeCache::CreateSqliteResumeCache creating resume cache pointer failure
20:41:21:424 [ERROR]	Initialize resume cache pointer failure
20:41:21:425 [INFO]	gude policy POLICY_USER limit (2,2,1) chunk 2097152, chunking (UL 0 DL 1), resXfer 1, adapt 0, NSURL 0, timeout 86400 
20:41:21:425 [INFO]	Initialized -- gude-lib version: v0.12.1 app: gude
20:41:25:465 [WARN]	Ignoring attempt to reinit logging to \gude at level 4 retaining 3 days of logs
20:41:25:465 [INFO]	SqliteResumeCache::SqliteResumeCache basedirectory is null/empty
20:41:25:465 [ERROR]	SqliteResumeCache::CreateSqliteResumeCache creating resume cache pointer failure
20:41:25:465 [ERROR]	Initialize resume cache pointer failure
20:41:25:465 [INFO]	gude policy POLICY_USER limit (4,4,1) chunk 2097152, chunking (UL 0 DL 1), resXfer 1, adapt 0, NSURL 1, timeout 86400 
20:41:25:465 [INFO]	Initialized -- gude-lib version: v0.12.1 app: gude
20:43:18:590 [ALWAYS]	GUDE Logging Started
20:43:18:590 [INFO]	SqliteResumeCache::SqliteResumeCache basedirectory is null/empty
20:43:18:590 [ERROR]	SqliteResumeCache::CreateSqliteResumeCache creating resume cache pointer failure
20:43:18:590 [ERROR]	Initialize resume cache pointer failure
20:43:18:590 [INFO]	gude policy POLICY_USER limit (2,2,1) chunk 2097152, chunking (UL 0 DL 1), resXfer 1, adapt 0, NSURL 0, timeout 86400 
20:43:18:590 [INFO]	Initialized -- gude-lib version: v0.12.1 app: gude
20:43:21:584 [WARN]	Ignoring attempt to reinit logging to \gude at level 4 retaining 3 days of logs
20:43:21:585 [INFO]	SqliteResumeCache::SqliteResumeCache basedirectory is null/empty
20:43:21:585 [ERROR]	SqliteResumeCache::CreateSqliteResumeCache creating resume cache pointer failure
20:43:21:585 [ERROR]	Initialize resume cache pointer failure
20:43:21:585 [INFO]	gude policy POLICY_USER limit (4,4,1) chunk 2097152, chunking (UL 0 DL 1), resXfer 1, adapt 0, NSURL 1, timeout 86400 
20:43:21:585 [INFO]	Initialized -- gude-lib version: v0.12.1 app: gude
