16:33:57:256 [ALWAYS]	GUDE Logging Started
16:33:57:257 [INFO]	SqliteResumeCache::SqliteResumeCache basedirectory is null/empty
16:33:57:257 [ERROR]	SqliteResumeCache::CreateSqliteResumeCache creating resume cache pointer failure
16:33:57:257 [ERROR]	Initialize resume cache pointer failure
16:33:57:257 [INFO]	gude policy POLICY_USER limit (2,2,1) chunk 2097152, chunking (UL 0 DL 1), resXfer 1, adapt 0, NSURL 0, timeout 86400 
16:33:57:257 [INFO]	Initialized -- gude-lib version: v0.12.1 app: gude
16:34:00:674 [WARN]	Ignoring attempt to reinit logging to \gude at level 4 retaining 3 days of logs
16:34:00:674 [INFO]	SqliteResumeCache::SqliteResumeCache basedirectory is null/empty
16:34:00:675 [ERROR]	SqliteResumeCache::CreateSqliteResumeCache creating resume cache pointer failure
16:34:00:675 [ERROR]	Initialize resume cache pointer failure
16:34:00:675 [INFO]	gude policy POLICY_USER limit (4,4,1) chunk 2097152, chunking (UL 0 DL 1), resXfer 1, adapt 0, NSURL 1, timeout 86400 
16:34:00:675 [INFO]	Initialized -- gude-lib version: v0.12.1 app: gude
18:04:23:770 [ALWAYS]	GUDE Logging Started
18:04:23:770 [INFO]	SqliteResumeCache::SqliteResumeCache basedirectory is null/empty
18:04:23:770 [ERROR]	SqliteResumeCache::CreateSqliteResumeCache creating resume cache pointer failure
18:04:23:770 [ERROR]	Initialize resume cache pointer failure
18:04:23:770 [INFO]	gude policy POLICY_USER limit (2,2,1) chunk 2097152, chunking (UL 0 DL 1), resXfer 1, adapt 0, NSURL 0, timeout 86400 
18:04:23:770 [INFO]	Initialized -- gude-lib version: v0.12.1 app: gude
18:04:26:715 [WARN]	Ignoring attempt to reinit logging to \gude at level 4 retaining 3 days of logs
18:04:26:715 [INFO]	SqliteResumeCache::SqliteResumeCache basedirectory is null/empty
18:04:26:715 [ERROR]	SqliteResumeCache::CreateSqliteResumeCache creating resume cache pointer failure
18:04:26:715 [ERROR]	Initialize resume cache pointer failure
18:04:26:715 [INFO]	gude policy POLICY_USER limit (4,4,1) chunk 2097152, chunking (UL 0 DL 1), resXfer 1, adapt 0, NSURL 1, timeout 86400 
18:04:26:715 [INFO]	Initialized -- gude-lib version: v0.12.1 app: gude
